<?xml version="1.0" encoding="UTF-8"?>
<testng-results skipped="0" failed="0" ignored="0" total="0" passed="0">
  <reporter-output>
  </reporter-output>
  <suite name="Runners.TestRunner" duration-ms="15" started-at="2022-04-20T03:39:32 EET" finished-at="2022-04-20T03:39:32 EET">
    <groups>
    </groups>
    <test name="Command line test" duration-ms="15" started-at="2022-04-20T03:39:32 EET" finished-at="2022-04-20T03:39:32 EET">
    </test> <!-- Command line test -->
  </suite> <!-- Runners.TestRunner -->
</testng-results>
